#
# There is insufficient memory for the Java Runtime Environment to continue.
# Native memory allocation (malloc) failed to allocate 32744 bytes for ChunkPool::allocate
# Possible reasons:
#   The system is out of physical RAM or swap space
#   The process is running with CompressedOops enabled, and the Java Heap may be blocking the growth of the native heap
# Possible solutions:
#   Reduce memory load on the system
#   Increase physical memory or swap space
#   Check if swap backing store is full
#   Decrease Java heap size (-Xmx/-Xms)
#   Decrease number of Java threads
#   Decrease Java thread stack sizes (-Xss)
#   Set larger code cache with -XX:ReservedCodeCacheSize=
#   JVM is running with Unscaled Compressed Oops mode in which the Java heap is
#     placed in the first 4GB address space. The Java Heap base address is the
#     maximum limit for the native heap growth. Please use -XX:HeapBaseMinAddress
#     to set the Java Heap base and to place the Java Heap above 4GB virtual address.
# This output file may be truncated or incomplete.
#
#  Out of Memory Error (t:/workspace/open/src/hotspot/share/memory/arena.cpp:81), pid=11696, tid=4340
#
# JRE version: Java(TM) SE Runtime Environment (12.0+33) (build 12+33)
# Java VM: Java HotSpot(TM) 64-Bit Server VM (12+33, mixed mode, sharing, tiered, compressed oops, g1 gc, windows-amd64)
# No core dump will be written. Minidumps are not enabled by default on client versions of Windows
#

---------------  S U M M A R Y ------------

Command Line: -javaagent:C:\Program Files\JetBrains\IntelliJ IDEA Community Edition 2020.2.3\lib\idea_rt.jar=61967:C:\Program Files\JetBrains\IntelliJ IDEA Community Edition 2020.2.3\bin -Dfile.encoding=UTF-8 gameClient.Ex2

Host: Intel(R) Core(TM) i5-7200U CPU @ 2.50GHz, 4 cores, 7G,  Windows 10 , 64 bit Build 18362 (10.0.18362.1110)
Time: Mon Dec 14 23:43:46 2020 ???? ???? ??????? elapsed time: 2 seconds (0d 0h 0m 2s)

---------------  T H R E A D  ---------------

Current thread (0x0000015859a17000):  JavaThread "C2 CompilerThread0" daemon [_thread_in_native, id=4340, stack(0x000000433fa00000,0x000000433fb00000)]


Current CompileTask:
C2:   2713 1960       4       com.google.gson.internal.LinkedTreeMap::rebalance (379 bytes)

Stack: [0x000000433fa00000,0x000000433fb00000]
Native frames: (J=compiled Java code, j=interpreted, Vv=VM code, C=native code)
V  [jvm.dll+0x63948a]
V  [jvm.dll+0x78b31f]
V  [jvm.dll+0x78c9c1]
V  [jvm.dll+0x78d013]
V  [jvm.dll+0x262138]
V  [jvm.dll+0xc5a56]
V  [jvm.dll+0xc5dac]
V  [jvm.dll+0x5c94ee]
V  [jvm.dll+0x5c96a7]
V  [jvm.dll+0x5ce1be]
V  [jvm.dll+0x5ce96a]
V  [jvm.dll+0x5cd65e]
V  [jvm.dll+0x21bedd]
V  [jvm.dll+0x21b20a]
V  [jvm.dll+0x199890]
V  [jvm.dll+0x22a534]
V  [jvm.dll+0x228b88]
V  [jvm.dll+0x74f660]
V  [jvm.dll+0x748648]
V  [jvm.dll+0x638566]
C  [ucrtbase.dll+0x210b2]
C  [KERNEL32.DLL+0x17c24]
C  [ntdll.dll+0x6d4d1]


---------------  P R O C E S S  ---------------

Threads class SMR info:
_java_thread_list=0x000001585ba0d620, length=18, elements={
0x00000158599f3800, 0x00000158599f6800, 0x0000015859a15000, 0x0000015859a16000,
0x0000015859a17000, 0x0000015859a5e000, 0x000001585a394800, 0x000001585a43c800,
0x000001585a499000, 0x000001585a686800, 0x000001585ac1c800, 0x000001585ac1d000,
0x000001585ac24000, 0x000001585aca6000, 0x000001585a5f9800, 0x000001585af4a800,
0x000001585adde000, 0x000001583b5ed800
}

Java Threads: ( => current thread )
  0x00000158599f3800 JavaThread "Reference Handler" daemon [_thread_blocked, id=13072, stack(0x000000433f600000,0x000000433f700000)]
  0x00000158599f6800 JavaThread "Finalizer" daemon [_thread_blocked, id=9068, stack(0x000000433f700000,0x000000433f800000)]
  0x0000015859a15000 JavaThread "Signal Dispatcher" daemon [_thread_blocked, id=12468, stack(0x000000433f800000,0x000000433f900000)]
  0x0000015859a16000 JavaThread "Attach Listener" daemon [_thread_blocked, id=5788, stack(0x000000433f900000,0x000000433fa00000)]
=>0x0000015859a17000 JavaThread "C2 CompilerThread0" daemon [_thread_in_native, id=4340, stack(0x000000433fa00000,0x000000433fb00000)]
  0x0000015859a5e000 JavaThread "C1 CompilerThread0" daemon [_thread_in_native, id=244, stack(0x000000433fb00000,0x000000433fc00000)]
  0x000001585a394800 JavaThread "Sweeper thread" daemon [_thread_blocked, id=6864, stack(0x000000433fc00000,0x000000433fd00000)]
  0x000001585a43c800 JavaThread "Common-Cleaner" daemon [_thread_blocked, id=12804, stack(0x000000433fd00000,0x000000433fe00000)]
  0x000001585a499000 JavaThread "Monitor Ctrl-Break" daemon [_thread_in_native, id=7932, stack(0x000000433fe00000,0x000000433ff00000)]
  0x000001585a686800 JavaThread "Service Thread" daemon [_thread_blocked, id=8032, stack(0x000000433ff00000,0x0000004340000000)]
  0x000001585ac1c800 JavaThread "Java2D Disposer" daemon [_thread_blocked, id=12388, stack(0x0000004340100000,0x0000004340200000)]
  0x000001585ac1d000 JavaThread "AWT-Shutdown" [_thread_blocked, id=4588, stack(0x0000004340200000,0x0000004340300000)]
  0x000001585ac24000 JavaThread "AWT-Windows" daemon [_thread_in_native, id=3828, stack(0x0000004340300000,0x0000004340400000)]
  0x000001585aca6000 JavaThread "Image Fetcher 0" daemon [_thread_blocked, id=8260, stack(0x0000004340400000,0x0000004340500000)]
  0x000001585a5f9800 JavaThread "AWT-EventQueue-0" [_thread_in_vm, id=6108, stack(0x0000004340800000,0x0000004340900000)]
  0x000001585af4a800 JavaThread "C2 CompilerThread1" daemon [_thread_in_native, id=6752, stack(0x0000004340900000,0x0000004340a00000)]
  0x000001585adde000 JavaThread "Thread-0" [_thread_blocked, id=12724, stack(0x0000004340a00000,0x0000004340b00000)]
  0x000001583b5ed800 JavaThread "DestroyJavaVM" [_thread_blocked, id=4680, stack(0x000000433ef00000,0x000000433f000000)]

Other Threads:
  0x00000158599ec000 VMThread "VM Thread" [stack: 0x000000433f500000,0x000000433f600000] [id=8784]
  0x000001585a6e7800 WatcherThread [stack: 0x0000004340000000,0x0000004340100000] [id=8212]
  0x000001583b62d000 GCTaskThread "GC Thread#0" [stack: 0x000000433f000000,0x000000433f100000] [id=8296]
  0x000001585ad45000 GCTaskThread "GC Thread#1" [stack: 0x0000004340500000,0x0000004340600000] [id=4948]
  0x000001585ace4000 GCTaskThread "GC Thread#2" [stack: 0x0000004340600000,0x0000004340700000] [id=12108]
  0x000001585ace5000 GCTaskThread "GC Thread#3" [stack: 0x0000004340700000,0x0000004340800000] [id=12640]
  0x000001583b63b000 ConcurrentGCThread "G1 Main Marker" [stack: 0x000000433f100000,0x000000433f200000] [id=12216]
  0x000001583b63c800 ConcurrentGCThread "G1 Conc#0" [stack: 0x000000433f200000,0x000000433f300000] [id=4492]
  0x0000015859870800 ConcurrentGCThread "G1 Refine#0" [stack: 0x000000433f300000,0x000000433f400000] [id=8760]
  0x0000015859871800 ConcurrentGCThread "G1 Young RemSet Sampling" [stack: 0x000000433f400000,0x000000433f500000] [id=11392]

Threads with active compile tasks:
C2 CompilerThread0  1960       4       com.google.gson.internal.LinkedTreeMap::rebalance (379 bytes)
C1 CompilerThread0  1969       3       com.google.gson.Gson::<init> (717 bytes)
C2 CompilerThread1  1858       4       com.google.gson.internal.bind.TypeAdapters$29::read (209 bytes)

VM state:not at safepoint (normal execution)

VM Mutex/Monitor currently owned by a thread: None

Heap address: 0x0000000081e00000, size: 2018 MB, Compressed Oops mode: 32-bit
Narrow klass base: 0x0000000800000000, Narrow klass shift: 3
Compressed class space size: 1073741824 Address: 0x00000008011a0000

Heap:
 garbage-first heap   total 131072K, used 31831K [0x0000000081e00000, 0x0000000100000000)
  region size 1024K, 16 young (16384K), 1 survivors (1024K)
 Metaspace       used 10441K, capacity 10887K, committed 11136K, reserved 1058816K
  class space    used 1075K, capacity 1298K, committed 1408K, reserved 1048576K
Heap Regions: E=young(eden), S=young(survivor), O=old, HS=humongous(starts), HC=humongous(continues), CS=collection set, F=free, A=archive, TAMS=top-at-mark-start (previous, next)
|   0|0x0000000081e00000, 0x0000000081f00000, 0x0000000081f00000|100%|HS|  |TAMS 0x0000000081e00000, 0x0000000081e00000| Complete 
|   1|0x0000000081f00000, 0x0000000082000000, 0x0000000082000000|100%|HS|  |TAMS 0x0000000081f00000, 0x0000000081f00000| Complete 
|   2|0x0000000082000000, 0x0000000082100000, 0x0000000082100000|100%|HC|  |TAMS 0x0000000082000000, 0x0000000082000000| Complete 
|   3|0x0000000082100000, 0x0000000082200000, 0x0000000082200000|100%|HC|  |TAMS 0x0000000082100000, 0x0000000082100000| Complete 
|   4|0x0000000082200000, 0x0000000082300000, 0x0000000082300000|100%|HC|  |TAMS 0x0000000082200000, 0x0000000082200000| Complete 
|   5|0x0000000082300000, 0x0000000082400000, 0x0000000082400000|100%|HC|  |TAMS 0x0000000082300000, 0x0000000082300000| Complete 
|   6|0x0000000082400000, 0x0000000082500000, 0x0000000082500000|100%|HC|  |TAMS 0x0000000082400000, 0x0000000082400000| Complete 
|   7|0x0000000082500000, 0x0000000082600000, 0x0000000082600000|100%|HC|  |TAMS 0x0000000082500000, 0x0000000082500000| Complete 
|   8|0x0000000082600000, 0x0000000082700000, 0x0000000082700000|100%|HC|  |TAMS 0x0000000082600000, 0x0000000082600000| Complete 
|   9|0x0000000082700000, 0x0000000082800000, 0x0000000082800000|100%| O|  |TAMS 0x0000000082700000, 0x0000000082700000| Untracked 
|  10|0x0000000082800000, 0x0000000082900000, 0x0000000082900000|100%| O|  |TAMS 0x0000000082800000, 0x0000000082800000| Untracked 
|  11|0x0000000082900000, 0x0000000082a00000, 0x0000000082a00000|100%|HS|  |TAMS 0x0000000082900000, 0x0000000082900000| Complete 
|  12|0x0000000082a00000, 0x0000000082b00000, 0x0000000082b00000|100%|HC|  |TAMS 0x0000000082a00000, 0x0000000082a00000| Complete 
|  13|0x0000000082b00000, 0x0000000082c00000, 0x0000000082c00000|100%|HC|  |TAMS 0x0000000082b00000, 0x0000000082b00000| Complete 
|  14|0x0000000082c00000, 0x0000000082d00000, 0x0000000082d00000|100%|HC|  |TAMS 0x0000000082c00000, 0x0000000082c00000| Complete 
|  15|0x0000000082d00000, 0x0000000082e00000, 0x0000000082e00000|100%| O|  |TAMS 0x0000000082d00000, 0x0000000082d00000| Untracked 
|  16|0x0000000082e00000, 0x0000000082e97c00, 0x0000000082f00000| 59%| O|  |TAMS 0x0000000082e00000, 0x0000000082e00000| Untracked 
|  17|0x0000000082f00000, 0x0000000082f00000, 0x0000000083000000|  0%| F|  |TAMS 0x0000000082f00000, 0x0000000082f00000| Untracked 
|  18|0x0000000083000000, 0x0000000083000000, 0x0000000083100000|  0%| F|  |TAMS 0x0000000083000000, 0x0000000083000000| Untracked 
|  19|0x0000000083100000, 0x0000000083100000, 0x0000000083200000|  0%| F|  |TAMS 0x0000000083100000, 0x0000000083100000| Untracked 
|  20|0x0000000083200000, 0x0000000083200000, 0x0000000083300000|  0%| F|  |TAMS 0x0000000083200000, 0x0000000083200000| Untracked 
|  21|0x0000000083300000, 0x0000000083300000, 0x0000000083400000|  0%| F|  |TAMS 0x0000000083300000, 0x0000000083300000| Untracked 
|  22|0x0000000083400000, 0x0000000083400000, 0x0000000083500000|  0%| F|  |TAMS 0x0000000083400000, 0x0000000083400000| Untracked 
|  23|0x0000000083500000, 0x0000000083500000, 0x0000000083600000|  0%| F|  |TAMS 0x0000000083500000, 0x0000000083500000| Untracked 
|  24|0x0000000083600000, 0x0000000083600000, 0x0000000083700000|  0%| F|  |TAMS 0x0000000083600000, 0x0000000083600000| Untracked 
|  25|0x0000000083700000, 0x0000000083700000, 0x0000000083800000|  0%| F|  |TAMS 0x0000000083700000, 0x0000000083700000| Untracked 
|  26|0x0000000083800000, 0x0000000083800000, 0x0000000083900000|  0%| F|  |TAMS 0x0000000083800000, 0x0000000083800000| Untracked 
|  27|0x0000000083900000, 0x0000000083900000, 0x0000000083a00000|  0%| F|  |TAMS 0x0000000083900000, 0x0000000083900000| Untracked 
|  28|0x0000000083a00000, 0x0000000083a00000, 0x0000000083b00000|  0%| F|  |TAMS 0x0000000083a00000, 0x0000000083a00000| Untracked 
|  29|0x0000000083b00000, 0x0000000083b00000, 0x0000000083c00000|  0%| F|  |TAMS 0x0000000083b00000, 0x0000000083b00000| Untracked 
|  30|0x0000000083c00000, 0x0000000083c00000, 0x0000000083d00000|  0%| F|  |TAMS 0x0000000083c00000, 0x0000000083c00000| Untracked 
|  31|0x0000000083d00000, 0x0000000083d00000, 0x0000000083e00000|  0%| F|  |TAMS 0x0000000083d00000, 0x0000000083d00000| Untracked 
|  32|0x0000000083e00000, 0x0000000083e00000, 0x0000000083f00000|  0%| F|  |TAMS 0x0000000083e00000, 0x0000000083e00000| Untracked 
|  33|0x0000000083f00000, 0x0000000083f00000, 0x0000000084000000|  0%| F|  |TAMS 0x0000000083f00000, 0x0000000083f00000| Untracked 
|  34|0x0000000084000000, 0x0000000084000000, 0x0000000084100000|  0%| F|  |TAMS 0x0000000084000000, 0x0000000084000000| Untracked 
|  35|0x0000000084100000, 0x0000000084100000, 0x0000000084200000|  0%| F|  |TAMS 0x0000000084100000, 0x0000000084100000| Untracked 
|  36|0x0000000084200000, 0x0000000084200000, 0x0000000084300000|  0%| F|  |TAMS 0x0000000084200000, 0x0000000084200000| Untracked 
|  37|0x0000000084300000, 0x0000000084300000, 0x0000000084400000|  0%| F|  |TAMS 0x0000000084300000, 0x0000000084300000| Untracked 
|  38|0x0000000084400000, 0x0000000084400000, 0x0000000084500000|  0%| F|  |TAMS 0x0000000084400000, 0x0000000084400000| Untracked 
|  39|0x0000000084500000, 0x0000000084500000, 0x0000000084600000|  0%| F|  |TAMS 0x0000000084500000, 0x0000000084500000| Untracked 
|  40|0x0000000084600000, 0x0000000084600000, 0x0000000084700000|  0%| F|  |TAMS 0x0000000084600000, 0x0000000084600000| Untracked 
|  41|0x0000000084700000, 0x0000000084700000, 0x0000000084800000|  0%| F|  |TAMS 0x0000000084700000, 0x0000000084700000| Untracked 
|  42|0x0000000084800000, 0x0000000084800000, 0x0000000084900000|  0%| F|  |TAMS 0x0000000084800000, 0x0000000084800000| Untracked 
|  43|0x0000000084900000, 0x0000000084900000, 0x0000000084a00000|  0%| F|  |TAMS 0x0000000084900000, 0x0000000084900000| Untracked 
|  44|0x0000000084a00000, 0x0000000084a00000, 0x0000000084b00000|  0%| F|  |TAMS 0x0000000084a00000, 0x0000000084a00000| Untracked 
|  45|0x0000000084b00000, 0x0000000084b00000, 0x0000000084c00000|  0%| F|  |TAMS 0x0000000084b00000, 0x0000000084b00000| Untracked 
|  46|0x0000000084c00000, 0x0000000084c00000, 0x0000000084d00000|  0%| F|  |TAMS 0x0000000084c00000, 0x0000000084c00000| Untracked 
|  47|0x0000000084d00000, 0x0000000084d00000, 0x0000000084e00000|  0%| F|  |TAMS 0x0000000084d00000, 0x0000000084d00000| Untracked 
|  48|0x0000000084e00000, 0x0000000084e00000, 0x0000000084f00000|  0%| F|  |TAMS 0x0000000084e00000, 0x0000000084e00000| Untracked 
|  49|0x0000000084f00000, 0x0000000084f00000, 0x0000000085000000|  0%| F|  |TAMS 0x0000000084f00000, 0x0000000084f00000| Untracked 
|  50|0x0000000085000000, 0x0000000085000000, 0x0000000085100000|  0%| F|  |TAMS 0x0000000085000000, 0x0000000085000000| Untracked 
|  51|0x0000000085100000, 0x0000000085100000, 0x0000000085200000|  0%| F|  |TAMS 0x0000000085100000, 0x0000000085100000| Untracked 
|  52|0x0000000085200000, 0x0000000085200000, 0x0000000085300000|  0%| F|  |TAMS 0x0000000085200000, 0x0000000085200000| Untracked 
|  53|0x0000000085300000, 0x0000000085300000, 0x0000000085400000|  0%| F|  |TAMS 0x0000000085300000, 0x0000000085300000| Untracked 
|  54|0x0000000085400000, 0x0000000085400000, 0x0000000085500000|  0%| F|  |TAMS 0x0000000085400000, 0x0000000085400000| Untracked 
|  55|0x0000000085500000, 0x0000000085500000, 0x0000000085600000|  0%| F|  |TAMS 0x0000000085500000, 0x0000000085500000| Untracked 
|  56|0x0000000085600000, 0x0000000085600000, 0x0000000085700000|  0%| F|  |TAMS 0x0000000085600000, 0x0000000085600000| Untracked 
|  57|0x0000000085700000, 0x0000000085700000, 0x0000000085800000|  0%| F|  |TAMS 0x0000000085700000, 0x0000000085700000| Untracked 
|  58|0x0000000085800000, 0x0000000085800000, 0x0000000085900000|  0%| F|  |TAMS 0x0000000085800000, 0x0000000085800000| Untracked 
|  59|0x0000000085900000, 0x0000000085900000, 0x0000000085a00000|  0%| F|  |TAMS 0x0000000085900000, 0x0000000085900000| Untracked 
|  60|0x0000000085a00000, 0x0000000085a00000, 0x0000000085b00000|  0%| F|  |TAMS 0x0000000085a00000, 0x0000000085a00000| Untracked 
|  61|0x0000000085b00000, 0x0000000085b00000, 0x0000000085c00000|  0%| F|  |TAMS 0x0000000085b00000, 0x0000000085b00000| Untracked 
|  62|0x0000000085c00000, 0x0000000085c00000, 0x0000000085d00000|  0%| F|  |TAMS 0x0000000085c00000, 0x0000000085c00000| Untracked 
|  63|0x0000000085d00000, 0x0000000085d00000, 0x0000000085e00000|  0%| F|  |TAMS 0x0000000085d00000, 0x0000000085d00000| Untracked 
|  64|0x0000000085e00000, 0x0000000085e00000, 0x0000000085f00000|  0%| F|  |TAMS 0x0000000085e00000, 0x0000000085e00000| Untracked 
|  65|0x0000000085f00000, 0x0000000085f00000, 0x0000000086000000|  0%| F|  |TAMS 0x0000000085f00000, 0x0000000085f00000| Untracked 
|  66|0x0000000086000000, 0x0000000086000000, 0x0000000086100000|  0%| F|  |TAMS 0x0000000086000000, 0x0000000086000000| Untracked 
|  67|0x0000000086100000, 0x0000000086100000, 0x0000000086200000|  0%| F|  |TAMS 0x0000000086100000, 0x0000000086100000| Untracked 
|  68|0x0000000086200000, 0x0000000086200000, 0x0000000086300000|  0%| F|  |TAMS 0x0000000086200000, 0x0000000086200000| Untracked 
|  69|0x0000000086300000, 0x0000000086300000, 0x0000000086400000|  0%| F|  |TAMS 0x0000000086300000, 0x0000000086300000| Untracked 
|  70|0x0000000086400000, 0x0000000086400000, 0x0000000086500000|  0%| F|  |TAMS 0x0000000086400000, 0x0000000086400000| Untracked 
|  71|0x0000000086500000, 0x0000000086500000, 0x0000000086600000|  0%| F|  |TAMS 0x0000000086500000, 0x0000000086500000| Untracked 
|  72|0x0000000086600000, 0x0000000086600000, 0x0000000086700000|  0%| F|  |TAMS 0x0000000086600000, 0x0000000086600000| Untracked 
|  73|0x0000000086700000, 0x0000000086700000, 0x0000000086800000|  0%| F|  |TAMS 0x0000000086700000, 0x0000000086700000| Untracked 
|  74|0x0000000086800000, 0x0000000086800000, 0x0000000086900000|  0%| F|  |TAMS 0x0000000086800000, 0x0000000086800000| Untracked 
|  75|0x0000000086900000, 0x0000000086900000, 0x0000000086a00000|  0%| F|  |TAMS 0x0000000086900000, 0x0000000086900000| Untracked 
|  76|0x0000000086a00000, 0x0000000086a00000, 0x0000000086b00000|  0%| F|  |TAMS 0x0000000086a00000, 0x0000000086a00000| Untracked 
|  77|0x0000000086b00000, 0x0000000086b00000, 0x0000000086c00000|  0%| F|  |TAMS 0x0000000086b00000, 0x0000000086b00000| Untracked 
|  78|0x0000000086c00000, 0x0000000086c00000, 0x0000000086d00000|  0%| F|  |TAMS 0x0000000086c00000, 0x0000000086c00000| Untracked 
|  79|0x0000000086d00000, 0x0000000086d00000, 0x0000000086e00000|  0%| F|  |TAMS 0x0000000086d00000, 0x0000000086d00000| Untracked 
|  80|0x0000000086e00000, 0x0000000086e00000, 0x0000000086f00000|  0%| F|  |TAMS 0x0000000086e00000, 0x0000000086e00000| Untracked 
|  81|0x0000000086f00000, 0x0000000086f00000, 0x0000000087000000|  0%| F|  |TAMS 0x0000000086f00000, 0x0000000086f00000| Untracked 
|  82|0x0000000087000000, 0x0000000087000000, 0x0000000087100000|  0%| F|  |TAMS 0x0000000087000000, 0x0000000087000000| Untracked 
|  83|0x0000000087100000, 0x0000000087100000, 0x0000000087200000|  0%| F|  |TAMS 0x0000000087100000, 0x0000000087100000| Untracked 
|  84|0x0000000087200000, 0x0000000087200000, 0x0000000087300000|  0%| F|  |TAMS 0x0000000087200000, 0x0000000087200000| Untracked 
|  85|0x0000000087300000, 0x0000000087300000, 0x0000000087400000|  0%| F|  |TAMS 0x0000000087300000, 0x0000000087300000| Untracked 
|  86|0x0000000087400000, 0x0000000087400000, 0x0000000087500000|  0%| F|  |TAMS 0x0000000087400000, 0x0000000087400000| Untracked 
|  87|0x0000000087500000, 0x0000000087500000, 0x0000000087600000|  0%| F|  |TAMS 0x0000000087500000, 0x0000000087500000| Untracked 
|  88|0x0000000087600000, 0x0000000087600000, 0x0000000087700000|  0%| F|  |TAMS 0x0000000087600000, 0x0000000087600000| Untracked 
|  89|0x0000000087700000, 0x0000000087700000, 0x0000000087800000|  0%| F|  |TAMS 0x0000000087700000, 0x0000000087700000| Untracked 
|  90|0x0000000087800000, 0x0000000087800000, 0x0000000087900000|  0%| F|  |TAMS 0x0000000087800000, 0x0000000087800000| Untracked 
|  91|0x0000000087900000, 0x0000000087900000, 0x0000000087a00000|  0%| F|  |TAMS 0x0000000087900000, 0x0000000087900000| Untracked 
|  92|0x0000000087a00000, 0x0000000087a00000, 0x0000000087b00000|  0%| F|  |TAMS 0x0000000087a00000, 0x0000000087a00000| Untracked 
|  93|0x0000000087b00000, 0x0000000087b00000, 0x0000000087c00000|  0%| F|  |TAMS 0x0000000087b00000, 0x0000000087b00000| Untracked 
|  94|0x0000000087c00000, 0x0000000087c00000, 0x0000000087d00000|  0%| F|  |TAMS 0x0000000087c00000, 0x0000000087c00000| Untracked 
|  95|0x0000000087d00000, 0x0000000087d00000, 0x0000000087e00000|  0%| F|  |TAMS 0x0000000087d00000, 0x0000000087d00000| Untracked 
|  96|0x0000000087e00000, 0x0000000087e00000, 0x0000000087f00000|  0%| F|  |TAMS 0x0000000087e00000, 0x0000000087e00000| Untracked 
|  97|0x0000000087f00000, 0x0000000087f00000, 0x0000000088000000|  0%| F|  |TAMS 0x0000000087f00000, 0x0000000087f00000| Untracked 
|  98|0x0000000088000000, 0x0000000088000000, 0x0000000088100000|  0%| F|  |TAMS 0x0000000088000000, 0x0000000088000000| Untracked 
|  99|0x0000000088100000, 0x0000000088100000, 0x0000000088200000|  0%| F|  |TAMS 0x0000000088100000, 0x0000000088100000| Untracked 
| 100|0x0000000088200000, 0x0000000088200000, 0x0000000088300000|  0%| F|  |TAMS 0x0000000088200000, 0x0000000088200000| Untracked 
| 101|0x0000000088300000, 0x0000000088300000, 0x0000000088400000|  0%| F|  |TAMS 0x0000000088300000, 0x0000000088300000| Untracked 
| 102|0x0000000088400000, 0x0000000088400000, 0x0000000088500000|  0%| F|  |TAMS 0x0000000088400000, 0x0000000088400000| Untracked 
| 103|0x0000000088500000, 0x0000000088500000, 0x0000000088600000|  0%| F|  |TAMS 0x0000000088500000, 0x0000000088500000| Untracked 
| 104|0x0000000088600000, 0x0000000088600000, 0x0000000088700000|  0%| F|  |TAMS 0x0000000088600000, 0x0000000088600000| Untracked 
| 105|0x0000000088700000, 0x0000000088700000, 0x0000000088800000|  0%| F|  |TAMS 0x0000000088700000, 0x0000000088700000| Untracked 
| 106|0x0000000088800000, 0x0000000088800000, 0x0000000088900000|  0%| F|  |TAMS 0x0000000088800000, 0x0000000088800000| Untracked 
| 107|0x0000000088900000, 0x0000000088900000, 0x0000000088a00000|  0%| F|  |TAMS 0x0000000088900000, 0x0000000088900000| Untracked 
| 108|0x0000000088a00000, 0x0000000088a00000, 0x0000000088b00000|  0%| F|  |TAMS 0x0000000088a00000, 0x0000000088a00000| Untracked 
| 109|0x0000000088b00000, 0x0000000088b00000, 0x0000000088c00000|  0%| F|  |TAMS 0x0000000088b00000, 0x0000000088b00000| Untracked 
| 110|0x0000000088c00000, 0x0000000088c00000, 0x0000000088d00000|  0%| F|  |TAMS 0x0000000088c00000, 0x0000000088c00000| Untracked 
| 111|0x0000000088d00000, 0x0000000088d00000, 0x0000000088e00000|  0%| F|  |TAMS 0x0000000088d00000, 0x0000000088d00000| Untracked 
| 112|0x0000000088e00000, 0x0000000088ede2a0, 0x0000000088f00000| 86%| E|  |TAMS 0x0000000088e00000, 0x0000000088e00000| Complete 
| 113|0x0000000088f00000, 0x0000000089000000, 0x0000000089000000|100%| E|CS|TAMS 0x0000000088f00000, 0x0000000088f00000| Complete 
| 114|0x0000000089000000, 0x0000000089100000, 0x0000000089100000|100%| E|CS|TAMS 0x0000000089000000, 0x0000000089000000| Complete 
| 115|0x0000000089100000, 0x0000000089200000, 0x0000000089200000|100%| E|CS|TAMS 0x0000000089100000, 0x0000000089100000| Complete 
| 116|0x0000000089200000, 0x0000000089300000, 0x0000000089300000|100%| E|CS|TAMS 0x0000000089200000, 0x0000000089200000| Complete 
| 117|0x0000000089300000, 0x000000008937e340, 0x0000000089400000| 49%| S|CS|TAMS 0x0000000089300000, 0x0000000089300000| Complete 
| 118|0x0000000089400000, 0x0000000089500000, 0x0000000089500000|100%| E|CS|TAMS 0x0000000089400000, 0x0000000089400000| Complete 
| 119|0x0000000089500000, 0x0000000089600000, 0x0000000089600000|100%| E|CS|TAMS 0x0000000089500000, 0x0000000089500000| Complete 
| 120|0x0000000089600000, 0x0000000089700000, 0x0000000089700000|100%| E|CS|TAMS 0x0000000089600000, 0x0000000089600000| Complete 
| 121|0x0000000089700000, 0x0000000089800000, 0x0000000089800000|100%| E|CS|TAMS 0x0000000089700000, 0x0000000089700000| Complete 
| 122|0x0000000089800000, 0x0000000089900000, 0x0000000089900000|100%| E|CS|TAMS 0x0000000089800000, 0x0000000089800000| Complete 
| 123|0x0000000089900000, 0x0000000089a00000, 0x0000000089a00000|100%| E|CS|TAMS 0x0000000089900000, 0x0000000089900000| Complete 
| 124|0x0000000089a00000, 0x0000000089b00000, 0x0000000089b00000|100%| E|CS|TAMS 0x0000000089a00000, 0x0000000089a00000| Complete 
| 125|0x0000000089b00000, 0x0000000089c00000, 0x0000000089c00000|100%| E|CS|TAMS 0x0000000089b00000, 0x0000000089b00000| Complete 
| 126|0x0000000089c00000, 0x0000000089d00000, 0x0000000089d00000|100%| E|CS|TAMS 0x0000000089c00000, 0x0000000089c00000| Complete 
| 127|0x0000000089d00000, 0x0000000089e00000, 0x0000000089e00000|100%| E|CS|TAMS 0x0000000089d00000, 0x0000000089d00000| Complete 

Card table byte_map: [0x0000015852df0000,0x00000158531f0000] _byte_map_base: 0x00000158529e1000

Marking Bits (Prev, Next): (CMBitMap*) 0x000001583b62e308, (CMBitMap*) 0x000001583b62e348
 Prev Bits: [0x00000158535f0000, 0x0000015855578000)
 Next Bits: [0x0000015855580000, 0x0000015857508000)

Polling page: 0x0000015839770000

Metaspace:

Usage:
  Non-class:      9.36 MB capacity,     9.15 MB ( 98%) used,   189.13 KB (  2%) free+waste,    33.44 KB ( <1%) overhead. 
      Class:      1.27 MB capacity,     1.05 MB ( 83%) used,   202.97 KB ( 16%) free+waste,    19.63 KB (  2%) overhead. 
       Both:     10.63 MB capacity,    10.20 MB ( 96%) used,   392.09 KB (  4%) free+waste,    53.06 KB ( <1%) overhead. 

Virtual space:
  Non-class space:       10.00 MB reserved,       9.50 MB ( 95%) committed 
      Class space:        1.00 GB reserved,       1.38 MB ( <1%) committed 
             Both:        1.01 GB reserved,      10.88 MB (  1%) committed 

Chunk freelists:
   Non-Class:  1.38 KB
       Class:  1.75 KB
        Both:  3.13 KB

CodeHeap 'non-profiled nmethods': size=120064Kb used=674Kb max_used=674Kb free=119390Kb
 bounds [0x000001584b4b0000, 0x000001584b720000, 0x00000158529f0000]
CodeHeap 'profiled nmethods': size=120000Kb used=4036Kb max_used=4036Kb free=115963Kb
 bounds [0x0000015843f80000, 0x0000015844380000, 0x000001584b4b0000]
CodeHeap 'non-nmethods': size=5696Kb used=1244Kb max_used=1267Kb free=4451Kb
 bounds [0x00000158439f0000, 0x0000015843c60000, 0x0000015843f80000]
 total_blobs=2900 nmethods=1956 adapters=520
 compilation: enabled
              stopped_count=0, restarted_count=0
 full_count=0

Compilation events (10 events):
Event: 2.681 Thread 0x0000015859a5e000 nmethod 1959 0x000001584436f910 code [0x000001584436fb20, 0x0000015844370210]
Event: 2.683 Thread 0x0000015859a17000 nmethod 1956 0x000001584b557d90 code [0x000001584b557f80, 0x000001584b558148]
Event: 2.683 Thread 0x0000015859a17000 1947       4       jdk.internal.misc.Unsafe::allocateUninitializedArray (52 bytes)
Event: 2.685 Thread 0x0000015859a17000 nmethod 1947 0x000001584b558310 code [0x000001584b5584c0, 0x000001584b558698]
Event: 2.686 Thread 0x0000015859a17000 1960       4       com.google.gson.internal.LinkedTreeMap::rebalance (379 bytes)
Event: 2.689 Thread 0x0000015859a5e000 1963       3       java.lang.ThreadLocal::remove (18 bytes)
Event: 2.690 Thread 0x0000015859a5e000 nmethod 1963 0x0000015844370410 code [0x00000158443705e0, 0x00000158443708c0]
Event: 2.690 Thread 0x0000015859a5e000 1964       3       java.lang.ThreadLocal$ThreadLocalMap::remove (68 bytes)
Event: 2.690 Thread 0x0000015859a5e000 nmethod 1964 0x0000015844370990 code [0x0000015844370b80, 0x0000015844371130]
Event: 2.690 Thread 0x0000015859a5e000 1969       3       com.google.gson.Gson::<init> (717 bytes)

GC Heap History (4 events):
Event: 1.373 GC heap before
{Heap before GC invocations=0 (full 0):
 garbage-first heap   total 131072K, used 22528K [0x0000000081e00000, 0x0000000100000000)
  region size 1024K, 14 young (14336K), 0 survivors (0K)
 Metaspace       used 7582K, capacity 7900K, committed 8192K, reserved 1056768K
  class space    used 818K, capacity 966K, committed 1024K, reserved 1048576K
}
Event: 1.383 GC heap after
{Heap after GC invocations=1 (full 0):
 garbage-first heap   total 131072K, used 13248K [0x0000000081e00000, 0x0000000100000000)
  region size 1024K, 2 young (2048K), 2 survivors (2048K)
 Metaspace       used 7582K, capacity 7900K, committed 8192K, reserved 1056768K
  class space    used 818K, capacity 966K, committed 1024K, reserved 1048576K
}
Event: 1.874 GC heap before
{Heap before GC invocations=1 (full 0):
 garbage-first heap   total 131072K, used 27584K [0x0000000081e00000, 0x0000000100000000)
  region size 1024K, 12 young (12288K), 2 survivors (2048K)
 Metaspace       used 9468K, capacity 9944K, committed 9984K, reserved 1058816K
  class space    used 1044K, capacity 1266K, committed 1280K, reserved 1048576K
}
Event: 1.878 GC heap after
{Heap after GC invocations=2 (full 0):
 garbage-first heap   total 131072K, used 17495K [0x0000000081e00000, 0x0000000100000000)
  region size 1024K, 1 young (1024K), 1 survivors (1024K)
 Metaspace       used 9468K, capacity 9944K, committed 9984K, reserved 1058816K
  class space    used 1044K, capacity 1266K, committed 1280K, reserved 1048576K
}

Deoptimization events (10 events):
Event: 0.841 Thread 0x000001583b5ed800 Uncommon trap: reason=unstable_if action=reinterpret pc=0x000001584b4c71e0 method=java.lang.CharacterDataLatin1.digit(II)I @ 7 c2
Event: 0.937 Thread 0x000001583b5ed800 Uncommon trap: reason=unstable_if action=reinterpret pc=0x000001584b4e5258 method=java.lang.String.indexOf(II)I @ 4 c2
Event: 0.937 Thread 0x000001583b5ed800 Uncommon trap: reason=unstable_if action=reinterpret pc=0x000001584b4d9330 method=java.lang.String.substring(II)Ljava/lang/String; @ 31 c2
Event: 1.160 Thread 0x000001583b5ed800 Uncommon trap: reason=unstable_if action=reinterpret pc=0x000001584b4ede00 method=java.util.HashMap.putVal(ILjava/lang/Object;Ljava/lang/Object;ZZ)Ljava/lang/Object; @ 81 c2
Event: 1.575 Thread 0x000001585aca6000 Uncommon trap: reason=unstable_if action=reinterpret pc=0x000001584b4f9118 method=sun.awt.image.PNGImageDecoder.produceImage()V @ 867 c2
Event: 1.665 Thread 0x000001583b5ed800 Uncommon trap: reason=unstable_if action=reinterpret pc=0x000001584b4ecb20 method=java.lang.StringUTF16.compress([CI[BII)I @ 20 c2
Event: 2.685 Thread 0x000001585a5f9800 Uncommon trap: reason=class_check action=maybe_recompile pc=0x000001584b5585e8 method=jdk.internal.misc.Unsafe.allocateUninitializedArray(Ljava/lang/Class;I)Ljava/lang/Object; @ 48 c2
Event: 2.686 Thread 0x000001585a5f9800 Uncommon trap: reason=class_check action=maybe_recompile pc=0x000001584b5585e8 method=jdk.internal.misc.Unsafe.allocateUninitializedArray(Ljava/lang/Class;I)Ljava/lang/Object; @ 48 c2
Event: 2.686 Thread 0x000001585a5f9800 Uncommon trap: reason=class_check action=maybe_recompile pc=0x000001584b5585e8 method=jdk.internal.misc.Unsafe.allocateUninitializedArray(Ljava/lang/Class;I)Ljava/lang/Object; @ 48 c2
Event: 2.686 Thread 0x000001585a5f9800 Uncommon trap: reason=class_check action=maybe_recompile pc=0x000001584b5585e8 method=jdk.internal.misc.Unsafe.allocateUninitializedArray(Ljava/lang/Class;I)Ljava/lang/Object; @ 48 c2

Classes redefined (0 events):
No events

Internal exceptions (10 events):
Event: 1.113 Thread 0x000001585ac24000 Exception <a 'java/lang/NoSuchMethodError'{0x000000008944cf58}: java.lang.invoke.DirectMethodHandle$Holder.invokeSpecial(Ljava/lang/Object;Ljava/lang/Object;)V> (0x000000008944cf58) thrown at [t:/workspace/open/src/hotspot/share/interpreter/linkResolver.c
Event: 1.120 Thread 0x000001583b5ed800 Exception <a 'java/lang/NoSuchMethodError'{0x000000008949a178}: java.lang.invoke.DirectMethodHandle$Holder.invokeStatic(Ljava/lang/Object;Ljava/lang/Object;Ljava/lang/Object;Ljava/lang/Object;Ljava/lang/Object;Ljava/lang/Object;Ljava/lang/Object;J)Ljava/l
Event: 1.177 Thread 0x000001583b5ed800 Exception <a 'java/lang/NoSuchMethodError'{0x00000000893239d8}: java.lang.invoke.DirectMethodHandle$Holder.invokeStatic(Ljava/lang/Object;ILjava/lang/Object;Ljava/lang/Object;Ljava/lang/Object;Ljava/lang/Object;)Ljava/lang/Object;> (0x00000000893239d8) th
Event: 1.179 Thread 0x000001583b5ed800 Exception <a 'java/lang/NoSuchMethodError'{0x000000008932a5f8}: java.lang.invoke.DirectMethodHandle$Holder.invokeStatic(Ljava/lang/Object;ILjava/lang/Object;Ljava/lang/Object;Ljava/lang/Object;)Ljava/lang/Object;> (0x000000008932a5f8) thrown at [t:/worksp
Event: 1.180 Thread 0x000001583b5ed800 Exception <a 'java/lang/NoSuchMethodError'{0x000000008932de50}: java.lang.invoke.DirectMethodHandle$Holder.invokeSpecial(Ljava/lang/Object;Ljava/lang/Object;ILjava/lang/Object;Ljava/lang/Object;Ljava/lang/Object;)Ljava/lang/Object;> (0x000000008932de50) t
Event: 1.247 Thread 0x000001583b5ed800 Exception <a 'java/lang/ClassNotFoundException'{0x00000000893ef9c8}: com/sun/swing/internal/plaf/metal/resources/spi/metalProvider> (0x00000000893ef9c8) thrown at [t:/workspace/open/src/hotspot/share/classfile/systemDictionary.cpp, line 235]
Event: 1.253 Thread 0x000001583b5ed800 Exception <a 'java/lang/ClassNotFoundException'{0x00000000893f3a48}: com/sun/swing/internal/plaf/basic/resources/spi/basicProvider> (0x00000000893f3a48) thrown at [t:/workspace/open/src/hotspot/share/classfile/systemDictionary.cpp, line 235]
Event: 1.637 Thread 0x000001583b5ed800 Exception <a 'java/lang/NoSuchMethodError'{0x0000000089540938}: java.lang.invoke.DirectMethodHandle$Holder.invokeStaticInit(Ljava/lang/Object;)V> (0x0000000089540938) thrown at [t:/workspace/open/src/hotspot/share/interpreter/linkResolver.cpp, line 777]
Event: 1.695 Thread 0x000001583b5ed800 Exception <a 'java/lang/NoSuchMethodError'{0x000000008945b9a0}: java.lang.invoke.Invokers$Holder.linkToTargetMethod(Ljava/lang/Object;ILjava/lang/Object;)Ljava/lang/Object;> (0x000000008945b9a0) thrown at [t:/workspace/open/src/hotspot/share/interpreter/l
Event: 1.870 Thread 0x000001585a5f9800 Exception <a 'java/lang/NoSuchMethodError'{0x00000000894e6120}: java.lang.invoke.DirectMethodHandle$Holder.invokeStatic(Ljava/lang/Object;Ljava/lang/Object;Ljava/lang/Object;Ljava/lang/Object;Ljava/lang/Object;Ljava/lang/Object;Ljava/lang/Object;JLjava/la

Events (10 events):
Event: 2.686 Thread 0x000001585a5f9800 DEOPT UNPACKING pc=0x0000015843a19baf sp=0x00000043408fde28 mode 2
Event: 2.686 Thread 0x000001585a5f9800 Uncommon trap: trap_request=0xffffffde fr.pc=0x000001584b5585e8 relative=0x0000000000000128
Event: 2.686 Thread 0x000001585a5f9800 DEOPT PACKING pc=0x000001584b5585e8 sp=0x00000043408fdea0
Event: 2.686 Thread 0x000001585a5f9800 DEOPT UNPACKING pc=0x0000015843a19baf sp=0x00000043408fde28 mode 2
Event: 2.686 Thread 0x000001585a5f9800 Uncommon trap: trap_request=0xffffffde fr.pc=0x000001584b5585e8 relative=0x0000000000000128
Event: 2.686 Thread 0x000001585a5f9800 DEOPT PACKING pc=0x000001584b5585e8 sp=0x00000043408fdea0
Event: 2.686 Thread 0x000001585a5f9800 DEOPT UNPACKING pc=0x0000015843a19baf sp=0x00000043408fde28 mode 2
Event: 2.686 Thread 0x000001585a5f9800 Uncommon trap: trap_request=0xffffffde fr.pc=0x000001584b5585e8 relative=0x0000000000000128
Event: 2.686 Thread 0x000001585a5f9800 DEOPT PACKING pc=0x000001584b5585e8 sp=0x00000043408fdea0
Event: 2.686 Thread 0x000001585a5f9800 DEOPT UNPACKING pc=0x0000015843a19baf sp=0x00000043408fde28 mode 2


Dynamic libraries:
0x00007ff67bc40000 - 0x00007ff67bc4f000 	C:\Program Files\Java\jdk-12\bin\java.exe
0x00007ffa57de0000 - 0x00007ffa57fd0000 	C:\WINDOWS\SYSTEM32\ntdll.dll
0x00007ffa46800000 - 0x00007ffa46812000 	C:\Program Files\AVG\Antivirus\aswhook.dll
0x00007ffa57b90000 - 0x00007ffa57c42000 	C:\WINDOWS\System32\KERNEL32.DLL
0x00007ffa54ff0000 - 0x00007ffa55295000 	C:\WINDOWS\System32\KERNELBASE.dll
0x00007ffa54ef0000 - 0x00007ffa54fea000 	C:\WINDOWS\System32\ucrtbase.dll
0x00007ffa511a0000 - 0x00007ffa511b8000 	C:\Program Files\Java\jdk-12\bin\jli.dll
0x00007ffa57c50000 - 0x00007ffa57cf3000 	C:\WINDOWS\System32\ADVAPI32.dll
0x00007ffa57d00000 - 0x00007ffa57d9e000 	C:\WINDOWS\System32\msvcrt.dll
0x00007ffa56750000 - 0x00007ffa567e7000 	C:\WINDOWS\System32\sechost.dll
0x00007ffa563a0000 - 0x00007ffa564c0000 	C:\WINDOWS\System32\RPCRT4.dll
0x00007ffa579f0000 - 0x00007ffa57b84000 	C:\WINDOWS\System32\USER32.dll
0x00007ffa54e30000 - 0x00007ffa54e51000 	C:\WINDOWS\System32\win32u.dll
0x00007ffa56ee0000 - 0x00007ffa56f06000 	C:\WINDOWS\System32\GDI32.dll
0x00007ffa553a0000 - 0x00007ffa55536000 	C:\WINDOWS\System32\gdi32full.dll
0x00007ffa55e70000 - 0x00007ffa55f0e000 	C:\WINDOWS\System32\msvcp_win.dll
0x00007ffa51180000 - 0x00007ffa51196000 	C:\Program Files\Java\jdk-12\bin\VCRUNTIME140.dll
0x00007ffa415f0000 - 0x00007ffa41874000 	C:\WINDOWS\WinSxS\amd64_microsoft.windows.common-controls_6595b64144ccf1df_6.0.18362.1256_none_9e7e379be45e40e2\COMCTL32.dll
0x00007ffa57650000 - 0x00007ffa57986000 	C:\WINDOWS\System32\combase.dll
0x00007ffa54e60000 - 0x00007ffa54ee1000 	C:\WINDOWS\System32\bcryptPrimitives.dll
0x00007ffa4e820000 - 0x00007ffa4e82a000 	C:\WINDOWS\SYSTEM32\VERSION.dll
0x00007ffa55fe0000 - 0x00007ffa5600e000 	C:\WINDOWS\System32\IMM32.DLL
0x00007ffa4d950000 - 0x00007ffa4d9fa000 	C:\Program Files\Java\jdk-12\bin\msvcp140.dll
0x00007ffa27040000 - 0x00007ffa27bb4000 	C:\Program Files\Java\jdk-12\bin\server\jvm.dll
0x00007ffa57100000 - 0x00007ffa57108000 	C:\WINDOWS\System32\PSAPI.DLL
0x00007ffa462a0000 - 0x00007ffa462a9000 	C:\WINDOWS\SYSTEM32\WSOCK32.dll
0x00007ffa55f70000 - 0x00007ffa55fdf000 	C:\WINDOWS\System32\WS2_32.dll
0x00007ffa528e0000 - 0x00007ffa52904000 	C:\WINDOWS\SYSTEM32\WINMM.dll
0x00007ffa52540000 - 0x00007ffa5256d000 	C:\WINDOWS\SYSTEM32\WINMMBASE.dll
0x00007ffa55e20000 - 0x00007ffa55e6a000 	C:\WINDOWS\System32\cfgmgr32.dll
0x00007ffa54de0000 - 0x00007ffa54df1000 	C:\WINDOWS\System32\kernel.appcore.dll
0x00007ffa51140000 - 0x00007ffa51151000 	C:\Program Files\Java\jdk-12\bin\verify.dll
0x00007ffa52e70000 - 0x00007ffa53064000 	C:\WINDOWS\SYSTEM32\DBGHELP.DLL
0x00007ffa4bff0000 - 0x00007ffa4c01a000 	C:\WINDOWS\SYSTEM32\dbgcore.DLL
0x00007ffa51090000 - 0x00007ffa510b6000 	C:\Program Files\Java\jdk-12\bin\java.dll
0x00007ffa51080000 - 0x00007ffa5108e000 	C:\Program Files\Java\jdk-12\bin\instrument.dll
0x00007ffa4ff90000 - 0x00007ffa4ffa7000 	C:\Program Files\Java\jdk-12\bin\zip.dll
0x00007ffa4dad0000 - 0x00007ffa4dada000 	C:\Program Files\Java\jdk-12\bin\jimage.dll
0x00007ffa567f0000 - 0x00007ffa56ed7000 	C:\WINDOWS\System32\SHELL32.dll
0x00007ffa57050000 - 0x00007ffa570f9000 	C:\WINDOWS\System32\shcore.dll
0x00007ffa55690000 - 0x00007ffa55e11000 	C:\WINDOWS\System32\windows.storage.dll
0x00007ffa54e00000 - 0x00007ffa54e23000 	C:\WINDOWS\System32\profapi.dll
0x00007ffa54d70000 - 0x00007ffa54dba000 	C:\WINDOWS\System32\powrprof.dll
0x00007ffa54d60000 - 0x00007ffa54d70000 	C:\WINDOWS\System32\UMPDC.dll
0x00007ffa57990000 - 0x00007ffa579e2000 	C:\WINDOWS\System32\shlwapi.dll
0x00007ffa55380000 - 0x00007ffa55397000 	C:\WINDOWS\System32\cryptsp.dll
0x00007ffa470b0000 - 0x00007ffa470c9000 	C:\Program Files\Java\jdk-12\bin\net.dll
0x00007ffa476e0000 - 0x00007ffa477d0000 	C:\WINDOWS\SYSTEM32\WINHTTP.dll
0x00007ffa46450000 - 0x00007ffa46626000 	C:\WINDOWS\SYSTEM32\urlmon.dll
0x00007ffa44d40000 - 0x00007ffa44fe7000 	C:\WINDOWS\SYSTEM32\iertutil.dll
0x00007ffa54780000 - 0x00007ffa5478c000 	C:\WINDOWS\SYSTEM32\CRYPTBASE.DLL
0x00007ffa54550000 - 0x00007ffa545b7000 	C:\WINDOWS\system32\mswsock.dll
0x00007ffa40770000 - 0x00007ffa40783000 	C:\Program Files\Java\jdk-12\bin\nio.dll
0x00007ffa3fcb0000 - 0x00007ffa3fcca000 	C:\Program Files\JetBrains\IntelliJ IDEA Community Edition 2020.2.3\bin\breakgen64.dll
0x00007ffa3fc80000 - 0x00007ffa3fca7000 	C:\Program Files\Java\jdk-12\bin\sunec.dll
0x00007ffa25f70000 - 0x00007ffa2610f000 	C:\Program Files\Java\jdk-12\bin\awt.dll
0x00007ffa56f80000 - 0x00007ffa57045000 	C:\WINDOWS\System32\OLEAUT32.dll
0x00007ffa51600000 - 0x00007ffa51bc0000 	C:\WINDOWS\SYSTEM32\d2d1.dll
0x00007ffa52b50000 - 0x00007ffa52bdf000 	C:\WINDOWS\SYSTEM32\apphelp.dll
0x00007ffa534d0000 - 0x00007ffa534fd000 	C:\WINDOWS\system32\DWMAPI.DLL
0x00007ffa52cf0000 - 0x00007ffa52d89000 	C:\WINDOWS\system32\uxtheme.dll
0x00007ffa409c0000 - 0x00007ffa40b16000 	C:\WINDOWS\system32\opengl32.dll
0x00007ffa41f30000 - 0x00007ffa41f5c000 	C:\WINDOWS\SYSTEM32\GLU32.dll
0x00007ffa539a0000 - 0x00007ffa539c0000 	C:\WINDOWS\SYSTEM32\dxcore.dll
0x00007ffa56100000 - 0x00007ffa56235000 	C:\WINDOWS\System32\MSCTF.dll
0x00007ffa56240000 - 0x00007ffa56397000 	C:\WINDOWS\System32\ole32.dll
0x00007ffa32dd0000 - 0x00007ffa32e50000 	C:\Program Files\Java\jdk-12\bin\freetype.dll
0x00007ffa322f0000 - 0x00007ffa3235f000 	C:\Program Files\Java\jdk-12\bin\fontmanager.dll
0x00007ffa3f8d0000 - 0x00007ffa3f96e000 	C:\WINDOWS\System32\TextInputFramework.dll
0x00007ffa50b30000 - 0x00007ffa50e5a000 	C:\WINDOWS\System32\CoreUIComponents.dll
0x00007ffa52460000 - 0x00007ffa52534000 	C:\WINDOWS\System32\CoreMessaging.dll
0x00007ffa53da0000 - 0x00007ffa53dd1000 	C:\WINDOWS\SYSTEM32\ntmarta.dll
0x00007ffa509d0000 - 0x00007ffa50b23000 	C:\WINDOWS\SYSTEM32\wintypes.dll

dbghelp: loaded successfully - version: 4.0.5 - missing functions: none
symbol engine: initialized successfully - sym options: 0x614 - pdb path: .;C:\Program Files\Java\jdk-12\bin;C:\WINDOWS\SYSTEM32;C:\Program Files\AVG\Antivirus;C:\WINDOWS\WinSxS\amd64_microsoft.windows.common-controls_6595b64144ccf1df_6.0.18362.1256_none_9e7e379be45e40e2;C:\Program Files\Java\jdk-12\bin\server;C:\Program Files\JetBrains\IntelliJ IDEA Community Edition 2020.2.3\bin

VM Arguments:
jvm_args: -javaagent:C:\Program Files\JetBrains\IntelliJ IDEA Community Edition 2020.2.3\lib\idea_rt.jar=61967:C:\Program Files\JetBrains\IntelliJ IDEA Community Edition 2020.2.3\bin -Dfile.encoding=UTF-8 
java_command: gameClient.Ex2
java_class_path (initial): C:\Users\BASE\IdeaProjects\OOP-ex2\out\production\ex2;C:\Users\BASE\IdeaProjects\OOP-ex2\libs\Ex2_Server_v0.13.jar;C:\Users\BASE\IdeaProjects\OOP-ex2\libs\kotlin-stdlib-1.3.72.jar;C:\Users\BASE\IdeaProjects\OOP-ex2\libs\annotations-13.0.jar;C:\Users\BASE\IdeaProjects\OOP-ex2\libs\java-json.jar;C:\Users\BASE\IdeaProjects\OOP-ex2\libs\kotlin-stdlib-common-1.3.70.jar;C:\Users\BASE\IdeaProjects\OOP-ex2\libs\okhttp-4.8.0.jar;C:\Users\BASE\IdeaProjects\OOP-ex2\libs\okio-2.7.0.jar;C:\Users\BASE\IdeaProjects\Ariel_OOP_2020\libs\gson-2.8.6.jar;C:\Users\BASE\.m2\repository\org\junit\jupiter\junit-jupiter\5.4.2\junit-jupiter-5.4.2.jar;C:\Users\BASE\.m2\repository\org\junit\jupiter\junit-jupiter-api\5.4.2\junit-jupiter-api-5.4.2.jar;C:\Users\BASE\.m2\repository\org\apiguardian\apiguardian-api\1.0.0\apiguardian-api-1.0.0.jar;C:\Users\BASE\.m2\repository\org\opentest4j\opentest4j\1.1.1\opentest4j-1.1.1.jar;C:\Users\BASE\.m2\repository\org\junit\platform\junit-platform-commons\1.4.2\junit-platform-commons-1.4.2.jar;C:\Users\BASE\.m2\repository\org\junit\jupiter\junit-jupiter-params\5.4.2\junit-jupiter-params-5.4.2.jar;C:\Users\BASE\.m2\repository\org\junit\jupiter\junit-jupiter-engine\5.4.2\junit-jupiter-engine-5.4.2.jar;C:\Users\BASE\.m2\repository\org\junit\platform\junit-platform-engine\1.4.2\junit-platform-engine-1.4.2.jar
Launcher Type: SUN_STANDARD

[Global flags]
     intx CICompilerCount                          = 3                                         {product} {ergonomic}
     uint ConcGCThreads                            = 1                                         {product} {ergonomic}
     uint G1ConcRefinementThreads                  = 4                                         {product} {ergonomic}
   size_t G1HeapRegionSize                         = 1048576                                   {product} {ergonomic}
    uintx GCDrainStackTargetSize                   = 64                                        {product} {ergonomic}
   size_t InitialHeapSize                          = 134217728                                 {product} {ergonomic}
   size_t MarkStackSize                            = 4194304                                   {product} {ergonomic}
   size_t MaxHeapSize                              = 2116026368                                {product} {ergonomic}
   size_t MaxNewSize                               = 1268776960                                {product} {ergonomic}
   size_t MinHeapDeltaBytes                        = 1048576                                   {product} {ergonomic}
    uintx NonNMethodCodeHeapSize                   = 5830732                                {pd product} {ergonomic}
    uintx NonProfiledCodeHeapSize                  = 122913754                              {pd product} {ergonomic}
    uintx ProfiledCodeHeapSize                     = 122913754                              {pd product} {ergonomic}
    uintx ReservedCodeCacheSize                    = 251658240                              {pd product} {ergonomic}
     bool SegmentedCodeCache                       = true                                      {product} {ergonomic}
     bool UseCompressedClassPointers               = true                                 {lp64_product} {ergonomic}
     bool UseCompressedOops                        = true                                 {lp64_product} {ergonomic}
     bool UseG1GC                                  = true                                      {product} {ergonomic}
     bool UseLargePagesIndividualAllocation        = false                                  {pd product} {ergonomic}

Logging:
Log output configuration:
 #0: stdout all=warning uptime,level,tags
 #1: stderr all=off uptime,level,tags

Environment Variables:
PATH=C:\WINDOWS\system32;C:\WINDOWS;C:\WINDOWS\System32\Wbem;C:\WINDOWS\System32\WindowsPowerShell\v1.0\;C:\Program Files\Java\jdk-12\bin;C:\WINDOWS\System32\OpenSSH\;C:\Program Files\Git\cmd;C:\Users\BASE\AppData\Local\Microsoft\WindowsApps;;C:\Users\BASE\AppData\Local\Programs\Microsoft VS Code\bin;C:\Program Files\JetBrains\IntelliJ IDEA Community Edition 2020.2.3\bin;
USERNAME=renana levi
OS=Windows_NT
PROCESSOR_IDENTIFIER=Intel64 Family 6 Model 142 Stepping 9, GenuineIntel



---------------  S Y S T E M  ---------------

OS: Windows 10 , 64 bit Build 18362 (10.0.18362.1110)

CPU:total 4 (initial active 4) (2 cores per cpu, 2 threads per core) family 6 model 142 stepping 9, cmov, cx8, fxsr, mmx, sse, sse2, sse3, ssse3, sse4.1, sse4.2, popcnt, avx, avx2, aes, clmul, erms, 3dnowpref, lzcnt, ht, tsc, tscinvbit, bmi1, bmi2, adx, fma

Memory: 4k page, system-wide physical 8071M (1012M free)
TotalPageFile size 8071M (AvailPageFile size 2M)
current process WorkingSet (physical memory assigned to process): 112M, peak: 112M
current process commit charge ("private bytes"): 235M, peak: 235M

vm_info: Java HotSpot(TM) 64-Bit Server VM (12+33) for windows-amd64 JRE (12+33), built on Feb 21 2019 02:31:50 by "mach5one" with MS VC++ 15.5 (VS2017)

END.
